2021-05-24 16:52:51 INFO      org.intermine.util.PropertiesUtil  [] - Finding global properties file default.intermine.properties
2021-05-24 16:52:51 ERROR     org.intermine.util.PropertiesUtil  [] - Could not find properties default.intermine.properties from classloader jdk.internal.loader.ClassLoaders$AppClassLoader@55054057
2021-05-24 16:54:43 INFO      org.intermine.util.PropertiesUtil  [] - Finding global properties file default.intermine.properties
2021-05-24 16:54:43 ERROR     org.intermine.util.PropertiesUtil  [] - Could not find properties default.intermine.properties from classloader jdk.internal.loader.ClassLoaders$AppClassLoader@55054057
2021-05-24 16:55:18 INFO      org.intermine.util.PropertiesUtil  [] - Finding global properties file default.intermine.properties
2021-05-24 16:55:18 ERROR     org.intermine.util.PropertiesUtil  [] - Could not find properties default.intermine.properties from classloader jdk.internal.loader.ClassLoaders$AppClassLoader@55054057
2021-05-24 17:01:54 INFO      org.intermine.util.PropertiesUtil  [] - Finding global properties file default.intermine.properties
2021-05-24 17:01:54 ERROR     org.intermine.util.PropertiesUtil  [] - Could not find properties default.intermine.properties from classloader jdk.internal.loader.ClassLoaders$AppClassLoader@55054057
2021-05-24 17:07:01 INFO      org.intermine.util.PropertiesUtil  [] - Finding global properties file default.intermine.properties
2021-05-24 17:07:01 ERROR     org.intermine.util.PropertiesUtil  [] - Could not find properties default.intermine.properties from classloader jdk.internal.loader.ClassLoaders$AppClassLoader@55054057
2021-05-24 17:07:48 INFO      org.intermine.util.PropertiesUtil  [] - Finding global properties file default.intermine.properties
2021-05-24 17:07:48 INFO      org.intermine.util.PropertiesUtil  [] - Loading properties from jar:file:/home/shokin/java/ncgr/intermine/build/install/ncgr-intermine/lib/ncgr-intermine.jar!/default.intermine.properties
2021-05-24 17:07:48 INFO      org.intermine.util.PropertiesUtil  [] - Finding global properties file intermine.properties
2021-05-24 17:07:48 ERROR     org.intermine.util.PropertiesUtil  [] - Could not find properties intermine.properties from classloader jdk.internal.loader.ClassLoaders$AppClassLoader@55054057
2021-05-24 17:08:26 INFO      org.intermine.util.PropertiesUtil  [] - Finding global properties file default.intermine.properties
2021-05-24 17:08:26 INFO      org.intermine.util.PropertiesUtil  [] - Loading properties from jar:file:/home/shokin/java/ncgr/intermine/build/install/ncgr-intermine/lib/ncgr-intermine.jar!/default.intermine.properties
2021-05-24 17:08:26 INFO      org.intermine.util.PropertiesUtil  [] - Finding global properties file intermine.properties
2021-05-24 17:08:26 INFO      org.intermine.util.PropertiesUtil  [] - Loading properties from jar:file:/home/shokin/java/ncgr/intermine/build/install/ncgr-intermine/lib/ncgr-intermine.jar!/intermine.properties
2021-05-24 17:08:26 WARN             org.intermine.sql.Database  [] - This database connection is configured to use the null connection pool. We now recommend using HikariCP as it is fast and more robust. Set null.class=com.zaxxer.hikari.HikariDataSource in default.intermine.properties or minename.properties.
2021-05-24 17:10:19 INFO      org.intermine.util.PropertiesUtil  [] - Finding global properties file default.intermine.properties
2021-05-24 17:10:19 INFO      org.intermine.util.PropertiesUtil  [] - Loading properties from jar:file:/home/shokin/java/ncgr/intermine/build/install/ncgr-intermine/lib/ncgr-intermine.jar!/default.intermine.properties
2021-05-24 17:10:19 INFO      org.intermine.util.PropertiesUtil  [] - Finding global properties file intermine.properties
2021-05-24 17:10:19 INFO      org.intermine.util.PropertiesUtil  [] - Loading properties from jar:file:/home/shokin/java/ncgr/intermine/build/install/ncgr-intermine/lib/ncgr-intermine.jar!/intermine.properties
2021-05-24 17:10:19 WARN             org.intermine.sql.Database  [] - This database connection is configured to use the null connection pool. We now recommend using HikariCP as it is fast and more robust. Set null.class=com.zaxxer.hikari.HikariDataSource in default.intermine.properties or minename.properties.
2021-05-24 17:13:01 INFO      org.intermine.util.PropertiesUtil  [] - Finding global properties file default.intermine.properties
2021-05-24 17:13:01 INFO      org.intermine.util.PropertiesUtil  [] - Loading properties from jar:file:/home/shokin/java/ncgr/intermine/build/install/ncgr-intermine/lib/ncgr-intermine.jar!/default.intermine.properties
2021-05-24 17:13:01 INFO      org.intermine.util.PropertiesUtil  [] - Finding global properties file intermine.properties
2021-05-24 17:13:01 INFO      org.intermine.util.PropertiesUtil  [] - Loading properties from jar:file:/home/shokin/java/ncgr/intermine/build/install/ncgr-intermine/lib/ncgr-intermine.jar!/intermine.properties
2021-05-24 17:13:01 INFO             org.intermine.sql.Database  [] - Creating new Database jdbc:postgresql://wright:5432/cowpeamine-dev({datasource.maxConnections=10, datasource.dataSourceName=db.production, datasource.user=intermine, driver=org.postgresql.Driver, datasource.port=5432, datasource.databaseName=cowpeamine-dev, datasource.dataSourceClassName=org.postgresql.ds.PGSimpleDataSource, platform=PostgreSQL, datasource.class=com.zaxxer.hikari.HikariDataSource, datasource.serverName=wright, datasource.password=Phavu16Glyma} org.postgresql.Driver PostgreSQL) and parallelism 4
2021-05-24 17:13:01 INFO             org.intermine.sql.Database  [] - Shutdown - Closing datasource for Database jdbc:postgresql://wright:5432/cowpeamine-dev({datasource.maxConnections=10, datasource.dataSourceName=db.production, datasource.user=intermine, driver=org.postgresql.Driver, datasource.port=5432, datasource.databaseName=cowpeamine-dev, datasource.dataSourceClassName=org.postgresql.ds.PGSimpleDataSource, platform=PostgreSQL, datasource.class=com.zaxxer.hikari.HikariDataSource, datasource.serverName=wright, datasource.password=Phavu16Glyma} org.postgresql.Driver PostgreSQL
2021-05-24 17:13:31 INFO      org.intermine.util.PropertiesUtil  [] - Finding global properties file default.intermine.properties
2021-05-24 17:13:31 INFO      org.intermine.util.PropertiesUtil  [] - Loading properties from jar:file:/home/shokin/java/ncgr/intermine/build/install/ncgr-intermine/lib/ncgr-intermine.jar!/default.intermine.properties
2021-05-24 17:13:31 INFO      org.intermine.util.PropertiesUtil  [] - Finding global properties file intermine.properties
2021-05-24 17:13:31 INFO      org.intermine.util.PropertiesUtil  [] - Loading properties from jar:file:/home/shokin/java/ncgr/intermine/build/install/ncgr-intermine/lib/ncgr-intermine.jar!/intermine.properties
2021-05-24 17:13:31 INFO             org.intermine.sql.Database  [] - Creating new Database jdbc:postgresql://wright:5432/cowpeamine-dev({datasource.maxConnections=10, datasource.dataSourceName=db.production, datasource.user=intermine, driver=org.postgresql.Driver, datasource.port=5432, datasource.databaseName=cowpeamine-dev, datasource.dataSourceClassName=org.postgresql.ds.PGSimpleDataSource, platform=PostgreSQL, datasource.class=com.zaxxer.hikari.HikariDataSource, datasource.serverName=wright, datasource.password=Phavu16Glyma} org.postgresql.Driver PostgreSQL) and parallelism 4
2021-05-24 17:13:31 INFO             org.intermine.sql.Database  [] - Shutdown - Closing datasource for Database jdbc:postgresql://wright:5432/cowpeamine-dev({datasource.maxConnections=10, datasource.dataSourceName=db.production, datasource.user=intermine, driver=org.postgresql.Driver, datasource.port=5432, datasource.databaseName=cowpeamine-dev, datasource.dataSourceClassName=org.postgresql.ds.PGSimpleDataSource, platform=PostgreSQL, datasource.class=com.zaxxer.hikari.HikariDataSource, datasource.serverName=wright, datasource.password=Phavu16Glyma} org.postgresql.Driver PostgreSQL
2021-05-24 17:13:35 INFO      org.intermine.util.PropertiesUtil  [] - Finding global properties file default.intermine.properties
2021-05-24 17:13:35 INFO      org.intermine.util.PropertiesUtil  [] - Loading properties from jar:file:/home/shokin/java/ncgr/intermine/build/install/ncgr-intermine/lib/ncgr-intermine.jar!/default.intermine.properties
2021-05-24 17:13:35 INFO      org.intermine.util.PropertiesUtil  [] - Finding global properties file intermine.properties
2021-05-24 17:13:35 INFO      org.intermine.util.PropertiesUtil  [] - Loading properties from jar:file:/home/shokin/java/ncgr/intermine/build/install/ncgr-intermine/lib/ncgr-intermine.jar!/intermine.properties
2021-05-24 17:13:35 INFO             org.intermine.sql.Database  [] - Creating new Database jdbc:postgresql://wright:5432/cowpeamine-dev({datasource.maxConnections=10, datasource.dataSourceName=db.production, datasource.user=intermine, driver=org.postgresql.Driver, datasource.port=5432, datasource.databaseName=cowpeamine-dev, datasource.dataSourceClassName=org.postgresql.ds.PGSimpleDataSource, platform=PostgreSQL, datasource.class=com.zaxxer.hikari.HikariDataSource, datasource.serverName=wright, datasource.password=Phavu16Glyma} org.postgresql.Driver PostgreSQL) and parallelism 4
2021-05-24 17:13:35 INFO             org.intermine.sql.Database  [] - Shutdown - Closing datasource for Database jdbc:postgresql://wright:5432/cowpeamine-dev({datasource.maxConnections=10, datasource.dataSourceName=db.production, datasource.user=intermine, driver=org.postgresql.Driver, datasource.port=5432, datasource.databaseName=cowpeamine-dev, datasource.dataSourceClassName=org.postgresql.ds.PGSimpleDataSource, platform=PostgreSQL, datasource.class=com.zaxxer.hikari.HikariDataSource, datasource.serverName=wright, datasource.password=Phavu16Glyma} org.postgresql.Driver PostgreSQL
2021-05-24 17:14:20 INFO      org.intermine.util.PropertiesUtil  [] - Finding global properties file default.intermine.properties
2021-05-24 17:14:20 INFO      org.intermine.util.PropertiesUtil  [] - Loading properties from jar:file:/home/shokin/java/ncgr/intermine/build/install/ncgr-intermine/lib/ncgr-intermine.jar!/default.intermine.properties
2021-05-24 17:14:20 INFO      org.intermine.util.PropertiesUtil  [] - Finding global properties file intermine.properties
2021-05-24 17:14:20 INFO      org.intermine.util.PropertiesUtil  [] - Loading properties from jar:file:/home/shokin/java/ncgr/intermine/build/install/ncgr-intermine/lib/ncgr-intermine.jar!/intermine.properties
2021-05-24 17:14:20 INFO             org.intermine.sql.Database  [] - Creating new Database jdbc:postgresql://wright:5432/cowpeamine-dev({datasource.maxConnections=10, datasource.dataSourceName=db.production, datasource.user=intermine, driver=org.postgresql.Driver, datasource.port=5432, datasource.databaseName=cowpeamine-dev, datasource.dataSourceClassName=org.postgresql.ds.PGSimpleDataSource, platform=PostgreSQL, datasource.class=com.zaxxer.hikari.HikariDataSource, datasource.serverName=wright, datasource.password=Phavu16Glyma} org.postgresql.Driver PostgreSQL) and parallelism 4
2021-05-24 17:14:20 INFO             org.intermine.sql.Database  [] - Shutdown - Closing datasource for Database jdbc:postgresql://wright:5432/cowpeamine-dev({datasource.maxConnections=10, datasource.dataSourceName=db.production, datasource.user=intermine, driver=org.postgresql.Driver, datasource.port=5432, datasource.databaseName=cowpeamine-dev, datasource.dataSourceClassName=org.postgresql.ds.PGSimpleDataSource, platform=PostgreSQL, datasource.class=com.zaxxer.hikari.HikariDataSource, datasource.serverName=wright, datasource.password=Phavu16Glyma} org.postgresql.Driver PostgreSQL
2021-05-24 17:27:44 INFO      org.intermine.util.PropertiesUtil  [] - Finding global properties file default.intermine.properties
2021-05-24 17:27:44 INFO      org.intermine.util.PropertiesUtil  [] - Loading properties from jar:file:/home/shokin/java/ncgr/intermine/build/install/ncgr-intermine/lib/ncgr-intermine.jar!/default.intermine.properties
2021-05-24 17:27:44 INFO      org.intermine.util.PropertiesUtil  [] - Finding global properties file intermine.properties
2021-05-24 17:27:44 INFO      org.intermine.util.PropertiesUtil  [] - Loading properties from jar:file:/home/shokin/java/ncgr/intermine/build/install/ncgr-intermine/lib/ncgr-intermine.jar!/intermine.properties
2021-05-24 17:27:44 INFO             org.intermine.sql.Database  [] - Creating new Database jdbc:postgresql://wright:5432/cowpeamine-dev({datasource.maxConnections=10, datasource.dataSourceName=db.production, datasource.user=intermine, driver=org.postgresql.Driver, datasource.port=5432, datasource.databaseName=cowpeamine-dev, datasource.dataSourceClassName=org.postgresql.ds.PGSimpleDataSource, platform=PostgreSQL, datasource.class=com.zaxxer.hikari.HikariDataSource, datasource.serverName=wright, datasource.password=Phavu16Glyma} org.postgresql.Driver PostgreSQL) and parallelism 4
2021-05-24 17:27:45 INFO             org.intermine.sql.Database  [] - Shutdown - Closing datasource for Database jdbc:postgresql://wright:5432/cowpeamine-dev({datasource.maxConnections=10, datasource.dataSourceName=db.production, datasource.user=intermine, driver=org.postgresql.Driver, datasource.port=5432, datasource.databaseName=cowpeamine-dev, datasource.dataSourceClassName=org.postgresql.ds.PGSimpleDataSource, platform=PostgreSQL, datasource.class=com.zaxxer.hikari.HikariDataSource, datasource.serverName=wright, datasource.password=Phavu16Glyma} org.postgresql.Driver PostgreSQL
2021-05-24 17:29:42 INFO      org.intermine.util.PropertiesUtil  [] - Finding global properties file default.intermine.properties
2021-05-24 17:29:42 INFO      org.intermine.util.PropertiesUtil  [] - Loading properties from jar:file:/home/shokin/java/ncgr/intermine/build/install/ncgr-intermine/lib/ncgr-intermine.jar!/default.intermine.properties
2021-05-24 17:29:42 INFO      org.intermine.util.PropertiesUtil  [] - Finding global properties file intermine.properties
2021-05-24 17:29:42 INFO      org.intermine.util.PropertiesUtil  [] - Loading properties from jar:file:/home/shokin/java/ncgr/intermine/build/install/ncgr-intermine/lib/ncgr-intermine.jar!/intermine.properties
2021-05-24 17:29:42 INFO             org.intermine.sql.Database  [] - Creating new Database jdbc:postgresql://wright:5432/cowpeamine-dev({datasource.maxConnections=10, datasource.dataSourceName=db.production, datasource.user=intermine, driver=org.postgresql.Driver, datasource.port=5432, datasource.databaseName=cowpeamine-dev, datasource.dataSourceClassName=org.postgresql.ds.PGSimpleDataSource, platform=PostgreSQL, datasource.class=com.zaxxer.hikari.HikariDataSource, datasource.serverName=wright, datasource.password=Phavu16Glyma} org.postgresql.Driver PostgreSQL) and parallelism 4
2021-05-24 17:29:43 INFO             org.intermine.sql.Database  [] - Shutdown - Closing datasource for Database jdbc:postgresql://wright:5432/cowpeamine-dev({datasource.maxConnections=10, datasource.dataSourceName=db.production, datasource.user=intermine, driver=org.postgresql.Driver, datasource.port=5432, datasource.databaseName=cowpeamine-dev, datasource.dataSourceClassName=org.postgresql.ds.PGSimpleDataSource, platform=PostgreSQL, datasource.class=com.zaxxer.hikari.HikariDataSource, datasource.serverName=wright, datasource.password=Phavu16Glyma} org.postgresql.Driver PostgreSQL
2021-05-24 17:33:03 INFO      org.intermine.util.PropertiesUtil  [] - Finding global properties file default.intermine.properties
2021-05-24 17:33:03 INFO      org.intermine.util.PropertiesUtil  [] - Loading properties from jar:file:/home/shokin/java/ncgr/intermine/build/install/ncgr-intermine/lib/ncgr-intermine.jar!/default.intermine.properties
2021-05-24 17:33:03 INFO      org.intermine.util.PropertiesUtil  [] - Finding global properties file intermine.properties
2021-05-24 17:33:03 INFO      org.intermine.util.PropertiesUtil  [] - Loading properties from jar:file:/home/shokin/java/ncgr/intermine/build/install/ncgr-intermine/lib/ncgr-intermine.jar!/intermine.properties
2021-05-24 17:33:03 INFO             org.intermine.sql.Database  [] - Creating new Database jdbc:postgresql://wright:5432/cowpeamine-dev({datasource.maxConnections=10, datasource.dataSourceName=db.production, datasource.user=intermine, driver=org.postgresql.Driver, datasource.port=5432, datasource.databaseName=cowpeamine-dev, datasource.dataSourceClassName=org.postgresql.ds.PGSimpleDataSource, platform=PostgreSQL, datasource.class=com.zaxxer.hikari.HikariDataSource, datasource.serverName=wright, datasource.password=Phavu16Glyma} org.postgresql.Driver PostgreSQL) and parallelism 4
2021-05-24 17:33:55 INFO             org.intermine.sql.Database  [] - Shutdown - Closing datasource for Database jdbc:postgresql://wright:5432/cowpeamine-dev({datasource.maxConnections=10, datasource.dataSourceName=db.production, datasource.user=intermine, driver=org.postgresql.Driver, datasource.port=5432, datasource.databaseName=cowpeamine-dev, datasource.dataSourceClassName=org.postgresql.ds.PGSimpleDataSource, platform=PostgreSQL, datasource.class=com.zaxxer.hikari.HikariDataSource, datasource.serverName=wright, datasource.password=Phavu16Glyma} org.postgresql.Driver PostgreSQL
2021-05-24 17:34:27 INFO      org.intermine.util.PropertiesUtil  [] - Finding global properties file default.intermine.properties
2021-05-24 17:34:27 INFO      org.intermine.util.PropertiesUtil  [] - Loading properties from jar:file:/home/shokin/java/ncgr/intermine/build/install/ncgr-intermine/lib/ncgr-intermine.jar!/default.intermine.properties
2021-05-24 17:34:27 INFO      org.intermine.util.PropertiesUtil  [] - Finding global properties file intermine.properties
2021-05-24 17:34:27 INFO      org.intermine.util.PropertiesUtil  [] - Loading properties from jar:file:/home/shokin/java/ncgr/intermine/build/install/ncgr-intermine/lib/ncgr-intermine.jar!/intermine.properties
2021-05-24 17:34:27 INFO             org.intermine.sql.Database  [] - Creating new Database jdbc:postgresql://wright:5432/cowpeamine-dev({datasource.maxConnections=10, datasource.dataSourceName=db.production, datasource.user=intermine, driver=org.postgresql.Driver, datasource.port=5432, datasource.databaseName=cowpeamine-dev, datasource.dataSourceClassName=org.postgresql.ds.PGSimpleDataSource, platform=PostgreSQL, datasource.class=com.zaxxer.hikari.HikariDataSource, datasource.serverName=wright, datasource.password=Phavu16Glyma} org.postgresql.Driver PostgreSQL) and parallelism 4
2021-05-24 17:34:28 INFO             org.intermine.sql.Database  [] - Shutdown - Closing datasource for Database jdbc:postgresql://wright:5432/cowpeamine-dev({datasource.maxConnections=10, datasource.dataSourceName=db.production, datasource.user=intermine, driver=org.postgresql.Driver, datasource.port=5432, datasource.databaseName=cowpeamine-dev, datasource.dataSourceClassName=org.postgresql.ds.PGSimpleDataSource, platform=PostgreSQL, datasource.class=com.zaxxer.hikari.HikariDataSource, datasource.serverName=wright, datasource.password=Phavu16Glyma} org.postgresql.Driver PostgreSQL
2021-05-24 17:34:34 INFO      org.intermine.util.PropertiesUtil  [] - Finding global properties file default.intermine.properties
2021-05-24 17:34:34 INFO      org.intermine.util.PropertiesUtil  [] - Loading properties from jar:file:/home/shokin/java/ncgr/intermine/build/install/ncgr-intermine/lib/ncgr-intermine.jar!/default.intermine.properties
2021-05-24 17:34:34 INFO      org.intermine.util.PropertiesUtil  [] - Finding global properties file intermine.properties
2021-05-24 17:34:34 INFO      org.intermine.util.PropertiesUtil  [] - Loading properties from jar:file:/home/shokin/java/ncgr/intermine/build/install/ncgr-intermine/lib/ncgr-intermine.jar!/intermine.properties
2021-05-24 17:34:34 INFO             org.intermine.sql.Database  [] - Creating new Database jdbc:postgresql://wright:5432/cowpeamine-dev({datasource.maxConnections=10, datasource.dataSourceName=db.production, datasource.user=intermine, driver=org.postgresql.Driver, datasource.port=5432, datasource.databaseName=cowpeamine-dev, datasource.dataSourceClassName=org.postgresql.ds.PGSimpleDataSource, platform=PostgreSQL, datasource.class=com.zaxxer.hikari.HikariDataSource, datasource.serverName=wright, datasource.password=Phavu16Glyma} org.postgresql.Driver PostgreSQL) and parallelism 4
2021-05-24 17:34:36 INFO             org.intermine.sql.Database  [] - Shutdown - Closing datasource for Database jdbc:postgresql://wright:5432/cowpeamine-dev({datasource.maxConnections=10, datasource.dataSourceName=db.production, datasource.user=intermine, driver=org.postgresql.Driver, datasource.port=5432, datasource.databaseName=cowpeamine-dev, datasource.dataSourceClassName=org.postgresql.ds.PGSimpleDataSource, platform=PostgreSQL, datasource.class=com.zaxxer.hikari.HikariDataSource, datasource.serverName=wright, datasource.password=Phavu16Glyma} org.postgresql.Driver PostgreSQL
2021-05-24 17:37:33 INFO      org.intermine.util.PropertiesUtil  [] - Finding global properties file default.intermine.properties
2021-05-24 17:37:33 INFO      org.intermine.util.PropertiesUtil  [] - Loading properties from jar:file:/home/shokin/java/ncgr/intermine/build/install/ncgr-intermine/lib/ncgr-intermine.jar!/default.intermine.properties
2021-05-24 17:37:33 INFO      org.intermine.util.PropertiesUtil  [] - Finding global properties file intermine.properties
2021-05-24 17:37:33 INFO      org.intermine.util.PropertiesUtil  [] - Loading properties from jar:file:/home/shokin/java/ncgr/intermine/build/install/ncgr-intermine/lib/ncgr-intermine.jar!/intermine.properties
2021-05-24 17:37:33 INFO             org.intermine.sql.Database  [] - Creating new Database jdbc:postgresql://wright:5432/cowpeamine-dev({datasource.maxConnections=10, datasource.dataSourceName=db.production, datasource.user=intermine, driver=org.postgresql.Driver, datasource.port=5432, datasource.databaseName=cowpeamine-dev, datasource.dataSourceClassName=org.postgresql.ds.PGSimpleDataSource, platform=PostgreSQL, datasource.class=com.zaxxer.hikari.HikariDataSource, datasource.serverName=wright, datasource.password=Phavu16Glyma} org.postgresql.Driver PostgreSQL) and parallelism 4
2021-05-24 17:38:10 INFO             org.intermine.sql.Database  [] - Shutdown - Closing datasource for Database jdbc:postgresql://wright:5432/cowpeamine-dev({datasource.maxConnections=10, datasource.dataSourceName=db.production, datasource.user=intermine, driver=org.postgresql.Driver, datasource.port=5432, datasource.databaseName=cowpeamine-dev, datasource.dataSourceClassName=org.postgresql.ds.PGSimpleDataSource, platform=PostgreSQL, datasource.class=com.zaxxer.hikari.HikariDataSource, datasource.serverName=wright, datasource.password=Phavu16Glyma} org.postgresql.Driver PostgreSQL
2021-05-24 17:39:27 INFO      org.intermine.util.PropertiesUtil  [] - Finding global properties file default.intermine.properties
2021-05-24 17:39:27 INFO      org.intermine.util.PropertiesUtil  [] - Loading properties from jar:file:/home/shokin/java/ncgr/intermine/build/install/ncgr-intermine/lib/ncgr-intermine.jar!/default.intermine.properties
2021-05-24 17:39:27 INFO      org.intermine.util.PropertiesUtil  [] - Finding global properties file intermine.properties
2021-05-24 17:39:27 INFO      org.intermine.util.PropertiesUtil  [] - Loading properties from jar:file:/home/shokin/java/ncgr/intermine/build/install/ncgr-intermine/lib/ncgr-intermine.jar!/intermine.properties
2021-05-24 17:39:27 INFO             org.intermine.sql.Database  [] - Creating new Database jdbc:postgresql://wright:5432/cowpeamine-dev({datasource.maxConnections=10, datasource.dataSourceName=db.production, datasource.user=intermine, driver=org.postgresql.Driver, datasource.port=5432, datasource.databaseName=cowpeamine-dev, datasource.dataSourceClassName=org.postgresql.ds.PGSimpleDataSource, platform=PostgreSQL, datasource.class=com.zaxxer.hikari.HikariDataSource, datasource.serverName=wright, datasource.password=Phavu16Glyma} org.postgresql.Driver PostgreSQL) and parallelism 4
2021-05-24 17:45:27 INFO             org.intermine.sql.Database  [] - Shutdown - Closing datasource for Database jdbc:postgresql://wright:5432/cowpeamine-dev({datasource.maxConnections=10, datasource.dataSourceName=db.production, datasource.user=intermine, driver=org.postgresql.Driver, datasource.port=5432, datasource.databaseName=cowpeamine-dev, datasource.dataSourceClassName=org.postgresql.ds.PGSimpleDataSource, platform=PostgreSQL, datasource.class=com.zaxxer.hikari.HikariDataSource, datasource.serverName=wright, datasource.password=Phavu16Glyma} org.postgresql.Driver PostgreSQL
2021-05-24 17:46:44 INFO      org.intermine.util.PropertiesUtil  [] - Finding global properties file default.intermine.properties
2021-05-24 17:46:44 INFO      org.intermine.util.PropertiesUtil  [] - Loading properties from jar:file:/home/shokin/java/ncgr/intermine/build/install/ncgr-intermine/lib/ncgr-intermine.jar!/default.intermine.properties
2021-05-24 17:46:44 INFO      org.intermine.util.PropertiesUtil  [] - Finding global properties file intermine.properties
2021-05-24 17:46:44 INFO      org.intermine.util.PropertiesUtil  [] - Loading properties from jar:file:/home/shokin/java/ncgr/intermine/build/install/ncgr-intermine/lib/ncgr-intermine.jar!/intermine.properties
2021-05-24 17:46:44 INFO             org.intermine.sql.Database  [] - Creating new Database jdbc:postgresql://wright:5432/cowpeamine-dev({datasource.maxConnections=10, datasource.dataSourceName=db.production, datasource.user=intermine, driver=org.postgresql.Driver, datasource.port=5432, datasource.databaseName=cowpeamine-dev, datasource.dataSourceClassName=org.postgresql.ds.PGSimpleDataSource, platform=PostgreSQL, datasource.class=com.zaxxer.hikari.HikariDataSource, datasource.serverName=wright, datasource.password=Phavu16Glyma} org.postgresql.Driver PostgreSQL) and parallelism 4
2021-05-24 20:38:10 INFO             org.intermine.sql.Database  [] - Shutdown - Closing datasource for Database jdbc:postgresql://wright:5432/cowpeamine-dev({datasource.maxConnections=10, datasource.dataSourceName=db.production, datasource.user=intermine, driver=org.postgresql.Driver, datasource.port=5432, datasource.databaseName=cowpeamine-dev, datasource.dataSourceClassName=org.postgresql.ds.PGSimpleDataSource, platform=PostgreSQL, datasource.class=com.zaxxer.hikari.HikariDataSource, datasource.serverName=wright, datasource.password=Phavu16Glyma} org.postgresql.Driver PostgreSQL
2021-05-24 20:42:59 INFO      org.intermine.util.PropertiesUtil  [] - Finding global properties file default.intermine.properties
2021-05-24 20:42:59 INFO      org.intermine.util.PropertiesUtil  [] - Loading properties from jar:file:/home/shokin/java/ncgr/intermine/build/install/ncgr-intermine/lib/ncgr-intermine.jar!/default.intermine.properties
2021-05-24 20:42:59 INFO      org.intermine.util.PropertiesUtil  [] - Finding global properties file intermine.properties
2021-05-24 20:42:59 INFO      org.intermine.util.PropertiesUtil  [] - Loading properties from jar:file:/home/shokin/java/ncgr/intermine/build/install/ncgr-intermine/lib/ncgr-intermine.jar!/intermine.properties
2021-05-24 20:42:59 INFO             org.intermine.sql.Database  [] - Creating new Database jdbc:postgresql://wright:5432/cowpeamine-dev({datasource.maxConnections=10, datasource.dataSourceName=db.production, datasource.user=intermine, driver=org.postgresql.Driver, datasource.port=5432, datasource.databaseName=cowpeamine-dev, datasource.dataSourceClassName=org.postgresql.ds.PGSimpleDataSource, platform=PostgreSQL, datasource.class=com.zaxxer.hikari.HikariDataSource, datasource.serverName=wright, datasource.password=Phavu16Glyma} org.postgresql.Driver PostgreSQL) and parallelism 4
2021-05-24 20:58:37 INFO      org.intermine.util.PropertiesUtil  [] - Finding global properties file default.intermine.properties
2021-05-24 20:58:37 INFO      org.intermine.util.PropertiesUtil  [] - Loading properties from jar:file:/home/shokin/java/ncgr/intermine/build/install/ncgr-intermine/lib/ncgr-intermine.jar!/default.intermine.properties
2021-05-24 20:58:37 INFO      org.intermine.util.PropertiesUtil  [] - Finding global properties file intermine.properties
2021-05-24 20:58:37 INFO      org.intermine.util.PropertiesUtil  [] - Loading properties from jar:file:/home/shokin/java/ncgr/intermine/build/install/ncgr-intermine/lib/ncgr-intermine.jar!/intermine.properties
2021-05-24 20:58:37 INFO             org.intermine.sql.Database  [] - Creating new Database jdbc:postgresql://wright:5432/cowpeamine-dev({datasource.maxConnections=10, datasource.dataSourceName=db.production, datasource.user=intermine, driver=org.postgresql.Driver, datasource.port=5432, datasource.databaseName=cowpeamine-dev, datasource.dataSourceClassName=org.postgresql.ds.PGSimpleDataSource, platform=PostgreSQL, datasource.class=com.zaxxer.hikari.HikariDataSource, datasource.serverName=wright, datasource.password=Phavu16Glyma} org.postgresql.Driver PostgreSQL) and parallelism 4
2021-05-24 21:00:12 INFO             org.intermine.sql.Database  [] - Shutdown - Closing datasource for Database jdbc:postgresql://wright:5432/cowpeamine-dev({datasource.maxConnections=10, datasource.dataSourceName=db.production, datasource.user=intermine, driver=org.postgresql.Driver, datasource.port=5432, datasource.databaseName=cowpeamine-dev, datasource.dataSourceClassName=org.postgresql.ds.PGSimpleDataSource, platform=PostgreSQL, datasource.class=com.zaxxer.hikari.HikariDataSource, datasource.serverName=wright, datasource.password=Phavu16Glyma} org.postgresql.Driver PostgreSQL
2021-05-24 21:06:03 INFO             org.intermine.sql.Database  [] - Shutdown - Closing datasource for Database jdbc:postgresql://wright:5432/cowpeamine-dev({datasource.maxConnections=10, datasource.dataSourceName=db.production, datasource.user=intermine, driver=org.postgresql.Driver, datasource.port=5432, datasource.databaseName=cowpeamine-dev, datasource.dataSourceClassName=org.postgresql.ds.PGSimpleDataSource, platform=PostgreSQL, datasource.class=com.zaxxer.hikari.HikariDataSource, datasource.serverName=wright, datasource.password=Phavu16Glyma} org.postgresql.Driver PostgreSQL
